C:\Users\No-Det\.jdks\adopt-openjdk-11.0.12\bin\java.exe -XX:TieredStopAtLevel=1 -noverify -Dspring.output.ansi.enabled=always -Dcom.sun.management.jmxremote -Dspring.jmx.enabled=true -Dspring.liveBeansView.mbeanDomain -Dspring.application.admin.enabled=true "-javaagent:C:\Program Files\JetBrains\IntelliJ IDEA 2021.2\lib\idea_rt.jar=62483:C:\Program Files\JetBrains\IntelliJ IDEA 2021.2\bin" -Dfile.encoding=UTF-8 -classpath C:\Users\No-Det\Documents\ascendcorp\demo\target\classes;C:\Users\No-Det\.m2\repository\org\springframework\boot\spring-boot-starter-batch\2.6.2\spring-boot-starter-batch-2.6.2.jar;C:\Users\No-Det\.m2\repository\org\springframework\boot\spring-boot-starter\2.6.2\spring-boot-starter-2.6.2.jar;C:\Users\No-Det\.m2\repository\org\springframework\boot\spring-boot\2.6.2\spring-boot-2.6.2.jar;C:\Users\No-Det\.m2\repository\org\springframework\boot\spring-boot-autoconfigure\2.6.2\spring-boot-autoconfigure-2.6.2.jar;C:\Users\No-Det\.m2\repository\org\springframework\boot\spring-boot-starter-logging\2.6.2\spring-boot-starter-logging-2.6.2.jar;C:\Users\No-Det\.m2\repository\ch\qos\logback\logback-classic\1.2.9\logback-classic-1.2.9.jar;C:\Users\No-Det\.m2\repository\ch\qos\logback\logback-core\1.2.9\logback-core-1.2.9.jar;C:\Users\No-Det\.m2\repository\org\apache\logging\log4j\log4j-to-slf4j\2.17.0\log4j-to-slf4j-2.17.0.jar;C:\Users\No-Det\.m2\repository\org\apache\logging\log4j\log4j-api\2.17.0\log4j-api-2.17.0.jar;C:\Users\No-Det\.m2\repository\org\slf4j\jul-to-slf4j\1.7.32\jul-to-slf4j-1.7.32.jar;C:\Users\No-Det\.m2\repository\jakarta\annotation\jakarta.annotation-api\1.3.5\jakarta.annotation-api-1.3.5.jar;C:\Users\No-Det\.m2\repository\org\yaml\snakeyaml\1.29\snakeyaml-1.29.jar;C:\Users\No-Det\.m2\repository\org\springframework\boot\spring-boot-starter-jdbc\2.6.2\spring-boot-starter-jdbc-2.6.2.jar;C:\Users\No-Det\.m2\repository\com\zaxxer\HikariCP\4.0.3\HikariCP-4.0.3.jar;C:\Users\No-Det\.m2\repository\org\springframework\batch\spring-batch-core\4.3.4\spring-batch-core-4.3.4.jar;C:\Users\No-Det\.m2\repository\com\fasterxml\jackson\core\jackson-databind\2.13.1\jackson-databind-2.13.1.jar;C:\Users\No-Det\.m2\repository\com\fasterxml\jackson\core\jackson-annotations\2.13.1\jackson-annotations-2.13.1.jar;C:\Users\No-Det\.m2\repository\com\fasterxml\jackson\core\jackson-core\2.13.1\jackson-core-2.13.1.jar;C:\Users\No-Det\.m2\repository\io\micrometer\micrometer-core\1.8.1\micrometer-core-1.8.1.jar;C:\Users\No-Det\.m2\repository\org\hdrhistogram\HdrHistogram\2.1.12\HdrHistogram-2.1.12.jar;C:\Users\No-Det\.m2\repository\org\latencyutils\LatencyUtils\2.0.3\LatencyUtils-2.0.3.jar;C:\Users\No-Det\.m2\repository\javax\batch\javax.batch-api\1.0\javax.batch-api-1.0.jar;C:\Users\No-Det\.m2\repository\org\codehaus\jettison\jettison\1.2\jettison-1.2.jar;C:\Users\No-Det\.m2\repository\org\springframework\batch\spring-batch-infrastructure\4.3.4\spring-batch-infrastructure-4.3.4.jar;C:\Users\No-Det\.m2\repository\org\springframework\retry\spring-retry\1.3.1\spring-retry-1.3.1.jar;C:\Users\No-Det\.m2\repository\javax\annotation\javax.annotation-api\1.3.2\javax.annotation-api-1.3.2.jar;C:\Users\No-Det\.m2\repository\org\springframework\spring-aop\5.3.14\spring-aop-5.3.14.jar;C:\Users\No-Det\.m2\repository\org\springframework\spring-beans\5.3.14\spring-beans-5.3.14.jar;C:\Users\No-Det\.m2\repository\org\springframework\spring-context\5.3.14\spring-context-5.3.14.jar;C:\Users\No-Det\.m2\repository\org\springframework\spring-expression\5.3.14\spring-expression-5.3.14.jar;C:\Users\No-Det\.m2\repository\org\springframework\spring-tx\5.3.14\spring-tx-5.3.14.jar;C:\Users\No-Det\.m2\repository\com\h2database\h2\1.4.200\h2-1.4.200.jar;C:\Users\No-Det\.m2\repository\org\slf4j\slf4j-api\1.7.32\slf4j-api-1.7.32.jar;C:\Users\No-Det\.m2\repository\org\springframework\spring-core\5.3.14\spring-core-5.3.14.jar;C:\Users\No-Det\.m2\repository\org\springframework\spring-jcl\5.3.14\spring-jcl-5.3.14.jar;C:\Users\No-Det\.m2\repository\org\springframework\spring-jdbc\5.3.14\spring-jdbc-5.3.14.jar com.lab.demo.DemoApplication

  .   ____          _            __ _ _
 /\\ / ___'_ __ _ _(_)_ __  __ _ \ \ \ \
( ( )\___ | '_ | '_| | '_ \/ _` | \ \ \ \
 \\/  ___)| |_)| | | | | || (_| |  ) ) ) )
  '  |____| .__|_| |_|_| |_\__, | / / / /
 =========|_|==============|___/=/_/_/_/
 :: Spring Boot ::                (v2.6.2)

2022-01-16 21:02:20.281  INFO 8196 --- [           main] com.lab.demo.DemoApplication             : Starting DemoApplication using Java 11.0.12 on DESKTOP-JNATVLB with PID 8196 (C:\Users\No-Det\Documents\ascendcorp\demo\target\classes started by No-Det in C:\Users\No-Det\Documents\ascendcorp\demo)
2022-01-16 21:02:20.284  INFO 8196 --- [           main] com.lab.demo.DemoApplication             : No active profile set, falling back to default profiles: default
2022-01-16 21:02:20.886  INFO 8196 --- [           main] com.zaxxer.hikari.HikariDataSource       : HikariPool-1 - Starting...
2022-01-16 21:02:20.964  INFO 8196 --- [           main] com.zaxxer.hikari.HikariDataSource       : HikariPool-1 - Start completed.
2022-01-16 21:02:21.079  INFO 8196 --- [           main] o.s.b.c.r.s.JobRepositoryFactoryBean     : No database type set, using meta data indicating: H2
2022-01-16 21:02:21.158  INFO 8196 --- [           main] o.s.b.c.l.support.SimpleJobLauncher      : No TaskExecutor has been set, defaulting to synchronous executor.
2022-01-16 21:02:21.225  INFO 8196 --- [           main] com.lab.demo.DemoApplication             : Started DemoApplication in 1.336 seconds (JVM running for 2.141)
2022-01-16 21:02:21.226  INFO 8196 --- [           main] o.s.b.a.b.JobLauncherApplicationRunner   : Running default command line with: []
2022-01-16 21:02:21.270  INFO 8196 --- [           main] o.s.b.c.l.support.SimpleJobLauncher      : Job: [SimpleJob: [name=helloworldJossss]] launched with the following parameters: [{}]
2022-01-16 21:02:21.292  INFO 8196 --- [           main] o.s.batch.core.job.SimpleStepHandler     : Executing step: [step1]
hello world
2022-01-16 21:02:21.304  INFO 8196 --- [           main] o.s.batch.core.step.AbstractStep         : Step: [step1] executed in 12ms
2022-01-16 21:02:21.308  INFO 8196 --- [           main] o.s.b.c.l.support.SimpleJobLauncher      : Job: [SimpleJob: [name=helloworldJossss]] completed with the following parameters: [{}] and the following status: [COMPLETED] in 25ms
2022-01-16 21:02:21.314  INFO 8196 --- [ionShutdownHook] com.zaxxer.hikari.HikariDataSource       : HikariPool-1 - Shutdown initiated...
2022-01-16 21:02:21.319  INFO 8196 --- [ionShutdownHook] com.zaxxer.hikari.HikariDataSource       : HikariPool-1 - Shutdown completed.

Process finished with exit code 0
